<?xml version="1.0" encoding="UTF-8"?>
<testsuite name="test_register_order_tests.MyTestCase-20230316180208" tests="39" file="test_register_order_tests.py" time="0.151" timestamp="2023-03-16T18:02:08" failures="0" errors="0" skipped="0">
	<testcase classname="test_register_order_tests.MyTestCase" name="test_BV_NV_13" time="0.026" timestamp="2023-03-16T18:02:08"/>
	<testcase classname="test_register_order_tests.MyTestCase" name="test_BV_NV_15" time="0.004" timestamp="2023-03-16T18:02:08"/>
	<testcase classname="test_register_order_tests.MyTestCase" name="test_BV_NV_16" time="0.003" timestamp="2023-03-16T18:02:08"/>
	<testcase classname="test_register_order_tests.MyTestCase" name="test_BV_NV_20" time="0.003" timestamp="2023-03-16T18:02:08"/>
	<testcase classname="test_register_order_tests.MyTestCase" name="test_BV_NV_21" time="0.003" timestamp="2023-03-16T18:02:08"/>
	<testcase classname="test_register_order_tests.MyTestCase" name="test_BV_NV_24" time="0.003" timestamp="2023-03-16T18:02:08"/>
	<testcase classname="test_register_order_tests.MyTestCase" name="test_BV_NV_25" time="0.003" timestamp="2023-03-16T18:02:08"/>
	<testcase classname="test_register_order_tests.MyTestCase" name="test_BV_NV_26" time="0.003" timestamp="2023-03-16T18:02:08"/>
	<testcase classname="test_register_order_tests.MyTestCase" name="test_BV_NV_27" time="0.003" timestamp="2023-03-16T18:02:08"/>
	<testcase classname="test_register_order_tests.MyTestCase" name="test_BV_NV_4" time="0.004" timestamp="2023-03-16T18:02:08"/>
	<testcase classname="test_register_order_tests.MyTestCase" name="test_BV_NV_5" time="0.003" timestamp="2023-03-16T18:02:08"/>
	<testcase classname="test_register_order_tests.MyTestCase" name="test_BV_V_11" time="0.005" timestamp="2023-03-16T18:02:08"/>
	<testcase classname="test_register_order_tests.MyTestCase" name="test_BV_V_22" time="0.004" timestamp="2023-03-16T18:02:08"/>
	<testcase classname="test_register_order_tests.MyTestCase" name="test_BV_V_29" time="0.004" timestamp="2023-03-16T18:02:08"/>
	<testcase classname="test_register_order_tests.MyTestCase" name="test_BV_V_30" time="0.004" timestamp="2023-03-16T18:02:08"/>
	<testcase classname="test_register_order_tests.MyTestCase" name="test_BV_V_31" time="0.003" timestamp="2023-03-16T18:02:08"/>
	<testcase classname="test_register_order_tests.MyTestCase" name="test_BV_V_33" time="0.004" timestamp="2023-03-16T18:02:08"/>
	<testcase classname="test_register_order_tests.MyTestCase" name="test_BV_V_34" time="0.004" timestamp="2023-03-16T18:02:08"/>
	<testcase classname="test_register_order_tests.MyTestCase" name="test_BV_V_35" time="0.004" timestamp="2023-03-16T18:02:08"/>
	<testcase classname="test_register_order_tests.MyTestCase" name="test_BV_V_42" time="0.004" timestamp="2023-03-16T18:02:08"/>
	<testcase classname="test_register_order_tests.MyTestCase" name="test_EC_NV_14" time="0.003" timestamp="2023-03-16T18:02:08"/>
	<testcase classname="test_register_order_tests.MyTestCase" name="test_EC_NV_18" time="0.003" timestamp="2023-03-16T18:02:08"/>
	<testcase classname="test_register_order_tests.MyTestCase" name="test_EC_NV_2" time="0.003" timestamp="2023-03-16T18:02:08"/>
	<testcase classname="test_register_order_tests.MyTestCase" name="test_EC_NV_28" time="0.003" timestamp="2023-03-16T18:02:08"/>
	<testcase classname="test_register_order_tests.MyTestCase" name="test_EC_NV_3" time="0.000" timestamp="2023-03-16T18:02:08"/>
	<testcase classname="test_register_order_tests.MyTestCase" name="test_EC_NV_37" time="0.003" timestamp="2023-03-16T18:02:08"/>
	<testcase classname="test_register_order_tests.MyTestCase" name="test_EC_NV_42" time="0.003" timestamp="2023-03-16T18:02:08"/>
	<testcase classname="test_register_order_tests.MyTestCase" name="test_EC_NV_8" time="0.003" timestamp="2023-03-16T18:02:08"/>
	<testcase classname="test_register_order_tests.MyTestCase" name="test_EC_NV_9" time="0.003" timestamp="2023-03-16T18:02:08"/>
	<testcase classname="test_register_order_tests.MyTestCase" name="test_EC_V_1" time="0.003" timestamp="2023-03-16T18:02:08"/>
	<testcase classname="test_register_order_tests.MyTestCase" name="test_EC_V_10" time="0.003" timestamp="2023-03-16T18:02:08"/>
	<testcase classname="test_register_order_tests.MyTestCase" name="test_EC_V_12" time="0.003" timestamp="2023-03-16T18:02:08"/>
	<testcase classname="test_register_order_tests.MyTestCase" name="test_EC_V_17" time="0.003" timestamp="2023-03-16T18:02:08"/>
	<testcase classname="test_register_order_tests.MyTestCase" name="test_EC_V_19" time="0.003" timestamp="2023-03-16T18:02:08"/>
	<testcase classname="test_register_order_tests.MyTestCase" name="test_EC_V_23" time="0.004" timestamp="2023-03-16T18:02:08"/>
	<testcase classname="test_register_order_tests.MyTestCase" name="test_EC_V_32" time="0.003" timestamp="2023-03-16T18:02:08"/>
	<testcase classname="test_register_order_tests.MyTestCase" name="test_EC_V_6" time="0.003" timestamp="2023-03-16T18:02:08"/>
	<testcase classname="test_register_order_tests.MyTestCase" name="test_EC_V_7" time="0.003" timestamp="2023-03-16T18:02:08"/>
	<testcase classname="test_register_order_tests.MyTestCase" name="test_VE_V_36" time="0.003" timestamp="2023-03-16T18:02:08"/>
</testsuite>
