<?xml version="1.0" encoding="UTF-8"?>
<testsuite name="test_register_order_tests.MyTestCase-20230315180623" tests="36" file="test_register_order_tests.py" time="0.130" timestamp="2023-03-15T18:06:24" failures="0" errors="0" skipped="0">
	<testcase classname="test_register_order_tests.MyTestCase" name="test_CE_NV_12" time="0.027" timestamp="2023-03-15T18:06:23"/>
	<testcase classname="test_register_order_tests.MyTestCase" name="test_CE_NV_13" time="0.004" timestamp="2023-03-15T18:06:23"/>
	<testcase classname="test_register_order_tests.MyTestCase" name="test_CE_NV_14" time="0.003" timestamp="2023-03-15T18:06:23"/>
	<testcase classname="test_register_order_tests.MyTestCase" name="test_CE_NV_15" time="0.003" timestamp="2023-03-15T18:06:23"/>
	<testcase classname="test_register_order_tests.MyTestCase" name="test_CE_NV_18" time="0.003" timestamp="2023-03-15T18:06:23"/>
	<testcase classname="test_register_order_tests.MyTestCase" name="test_CE_NV_2" time="0.003" timestamp="2023-03-15T18:06:23"/>
	<testcase classname="test_register_order_tests.MyTestCase" name="test_CE_NV_20" time="0.003" timestamp="2023-03-15T18:06:23"/>
	<testcase classname="test_register_order_tests.MyTestCase" name="test_CE_NV_21" time="0.003" timestamp="2023-03-15T18:06:23"/>
	<testcase classname="test_register_order_tests.MyTestCase" name="test_CE_NV_24" time="0.003" timestamp="2023-03-15T18:06:23"/>
	<testcase classname="test_register_order_tests.MyTestCase" name="test_CE_NV_25" time="0.003" timestamp="2023-03-15T18:06:23"/>
	<testcase classname="test_register_order_tests.MyTestCase" name="test_CE_NV_3" time="0.000" timestamp="2023-03-15T18:06:23"/>
	<testcase classname="test_register_order_tests.MyTestCase" name="test_CE_NV_4" time="0.003" timestamp="2023-03-15T18:06:23"/>
	<testcase classname="test_register_order_tests.MyTestCase" name="test_CE_NV_5" time="0.003" timestamp="2023-03-15T18:06:23"/>
	<testcase classname="test_register_order_tests.MyTestCase" name="test_CE_NV_8" time="0.003" timestamp="2023-03-15T18:06:23"/>
	<testcase classname="test_register_order_tests.MyTestCase" name="test_CE_NV_9" time="0.003" timestamp="2023-03-15T18:06:23"/>
	<testcase classname="test_register_order_tests.MyTestCase" name="test_CE_V_1" time="0.003" timestamp="2023-03-15T18:06:23"/>
	<testcase classname="test_register_order_tests.MyTestCase" name="test_CE_V_10" time="0.003" timestamp="2023-03-15T18:06:23"/>
	<testcase classname="test_register_order_tests.MyTestCase" name="test_CE_V_11" time="0.003" timestamp="2023-03-15T18:06:23"/>
	<testcase classname="test_register_order_tests.MyTestCase" name="test_CE_V_17" time="0.003" timestamp="2023-03-15T18:06:23"/>
	<testcase classname="test_register_order_tests.MyTestCase" name="test_CE_V_19" time="0.003" timestamp="2023-03-15T18:06:23"/>
	<testcase classname="test_register_order_tests.MyTestCase" name="test_CE_V_23" time="0.003" timestamp="2023-03-15T18:06:23"/>
	<testcase classname="test_register_order_tests.MyTestCase" name="test_CE_V_29" time="0.003" timestamp="2023-03-15T18:06:23"/>
	<testcase classname="test_register_order_tests.MyTestCase" name="test_CE_V_30" time="0.003" timestamp="2023-03-15T18:06:23"/>
	<testcase classname="test_register_order_tests.MyTestCase" name="test_CE_V_31" time="0.003" timestamp="2023-03-15T18:06:23"/>
	<testcase classname="test_register_order_tests.MyTestCase" name="test_CE_V_32" time="0.003" timestamp="2023-03-15T18:06:23"/>
	<testcase classname="test_register_order_tests.MyTestCase" name="test_CE_V_33" time="0.003" timestamp="2023-03-15T18:06:23"/>
	<testcase classname="test_register_order_tests.MyTestCase" name="test_CE_V_34" time="0.003" timestamp="2023-03-15T18:06:23"/>
	<testcase classname="test_register_order_tests.MyTestCase" name="test_CE_V_6" time="0.003" timestamp="2023-03-15T18:06:23"/>
	<testcase classname="test_register_order_tests.MyTestCase" name="test_CE_V_7" time="0.003" timestamp="2023-03-15T18:06:24"/>
	<testcase classname="test_register_order_tests.MyTestCase" name="test_LV_NV_16" time="0.003" timestamp="2023-03-15T18:06:24"/>
	<testcase classname="test_register_order_tests.MyTestCase" name="test_LV_NV_26" time="0.003" timestamp="2023-03-15T18:06:24"/>
	<testcase classname="test_register_order_tests.MyTestCase" name="test_LV_NV_27" time="0.003" timestamp="2023-03-15T18:06:24"/>
	<testcase classname="test_register_order_tests.MyTestCase" name="test_LV_NV_28" time="0.003" timestamp="2023-03-15T18:06:24"/>
	<testcase classname="test_register_order_tests.MyTestCase" name="test_VE_V_36" time="0.003" timestamp="2023-03-15T18:06:24"/>
	<testcase classname="test_register_order_tests.MyTestCase" name="test_VL_V_22" time="0.003" timestamp="2023-03-15T18:06:24"/>
	<testcase classname="test_register_order_tests.MyTestCase" name="test_VL_V_35" time="0.003" timestamp="2023-03-15T18:06:24"/>
</testsuite>
